2022-08-18 19:44:14.883  INFO [,,] 21192 --- [restartedMain] c.c.PensionManagementPortalApplication   : Starting PensionManagementPortalApplication using Java 15.0.2 on LAPTOP-PDMVOPJG with PID 21192 (C:\Users\hp\Desktop\PensionManagementSystem-master\Pension-Management-portal\target\classes started by hp in C:\Users\hp\Desktop\PensionManagementSystem-master\Pension-Management-portal)
2022-08-18 19:44:14.907  INFO [,,] 21192 --- [restartedMain] c.c.PensionManagementPortalApplication   : No active profile set, falling back to default profiles: default
2022-08-18 19:44:15.241  INFO [,,] 21192 --- [restartedMain] .e.DevToolsPropertyDefaultsPostProcessor : Devtools property defaults active! Set 'spring.devtools.add-properties' to 'false' to disable
2022-08-18 19:44:15.413  INFO [,,] 21192 --- [restartedMain] .e.DevToolsPropertyDefaultsPostProcessor : For additional web related logging consider setting the 'logging.level.web' property to 'DEBUG'
2022-08-18 19:44:21.106  INFO [,,] 21192 --- [restartedMain] .s.d.r.c.RepositoryConfigurationDelegate : Bootstrapping Spring Data JPA repositories in DEFAULT mode.
2022-08-18 19:44:21.153  INFO [,,] 21192 --- [restartedMain] .s.d.r.c.RepositoryConfigurationDelegate : Finished Spring Data repository scanning in 25 ms. Found 0 JPA repository interfaces.
2022-08-18 19:44:22.327  INFO [,,] 21192 --- [restartedMain] o.s.cloud.context.scope.GenericScope     : BeanFactory id=9bfdb010-1187-3da3-9529-53268d101656
2022-08-18 19:44:26.180  INFO [,,] 21192 --- [restartedMain] o.s.b.w.embedded.tomcat.TomcatWebServer  : Tomcat initialized with port(s): 9093 (http)
2022-08-18 19:44:26.314  INFO [,,] 21192 --- [restartedMain] o.apache.catalina.core.StandardService   : Starting service [Tomcat]
2022-08-18 19:44:26.315  INFO [,,] 21192 --- [restartedMain] org.apache.catalina.core.StandardEngine  : Starting Servlet engine: [Apache Tomcat/9.0.50]
2022-08-18 19:44:27.151  INFO [,,] 21192 --- [restartedMain] o.a.c.c.C.[.[localhost].[/management]    : Initializing Spring embedded WebApplicationContext
2022-08-18 19:44:27.153  INFO [,,] 21192 --- [restartedMain] w.s.c.ServletWebServerApplicationContext : Root WebApplicationContext: initialization completed in 11738 ms
2022-08-18 19:44:27.660  INFO [,,] 21192 --- [restartedMain] com.zaxxer.hikari.HikariDataSource       : HikariPool-1 - Starting...
2022-08-18 19:44:30.712  INFO [,,] 21192 --- [restartedMain] com.zaxxer.hikari.HikariDataSource       : HikariPool-1 - Start completed.
2022-08-18 19:44:30.744  INFO [,,] 21192 --- [restartedMain] o.s.b.a.h2.H2ConsoleAutoConfiguration    : H2 console available at '/h2-console'. Database available at 'jdbc:h2:mem:489a1d22-da44-43dd-8867-dce6771aba5b'
2022-08-18 19:44:35.410  INFO [,,] 21192 --- [restartedMain] o.hibernate.jpa.internal.util.LogHelper  : HHH000204: Processing PersistenceUnitInfo [name: default]
2022-08-18 19:44:36.484  INFO [,,] 21192 --- [restartedMain] org.hibernate.Version                    : HHH000412: Hibernate ORM core version 5.4.32.Final
2022-08-18 19:44:39.432  INFO [,,] 21192 --- [restartedMain] o.hibernate.annotations.common.Version   : HCANN000001: Hibernate Commons Annotations {5.1.2.Final}
2022-08-18 19:44:41.063  INFO [,,] 21192 --- [restartedMain] org.hibernate.dialect.Dialect            : HHH000400: Using dialect: org.hibernate.dialect.H2Dialect
2022-08-18 19:44:45.930  INFO [,,] 21192 --- [restartedMain] o.h.e.t.j.p.i.JtaPlatformInitiator       : HHH000490: Using JtaPlatform implementation: [org.hibernate.engine.transaction.jta.platform.internal.NoJtaPlatform]
2022-08-18 19:44:45.962  INFO [,,] 21192 --- [restartedMain] j.LocalContainerEntityManagerFactoryBean : Initialized JPA EntityManagerFactory for persistence unit 'default'
2022-08-18 19:44:46.149  INFO [,,] 21192 --- [restartedMain] o.s.b.d.a.OptionalLiveReloadServer       : LiveReload server is running on port 35729
2022-08-18 19:44:47.220  WARN [,,] 21192 --- [restartedMain] JpaBaseConfiguration$JpaWebConfiguration : spring.jpa.open-in-view is enabled by default. Therefore, database queries may be performed during view rendering. Explicitly configure spring.jpa.open-in-view to disable this warning
2022-08-18 19:45:00.220  INFO [,,] 21192 --- [restartedMain] o.s.b.w.embedded.tomcat.TomcatWebServer  : Tomcat started on port(s): 9093 (http) with context path '/management'
2022-08-18 19:45:00.983  INFO [,,] 21192 --- [restartedMain] d.s.w.p.DocumentationPluginsBootstrapper : Context refreshed
2022-08-18 19:45:01.139  INFO [,,] 21192 --- [restartedMain] d.s.w.p.DocumentationPluginsBootstrapper : Found 1 custom documentation plugin(s)
2022-08-18 19:45:01.164  INFO [,,] 21192 --- [restartedMain] s.d.s.w.s.ApiListingReferenceScanner     : Scanning for api listing references
2022-08-18 19:45:01.733  INFO [,,] 21192 --- [restartedMain] c.c.PensionManagementPortalApplication   : Started PensionManagementPortalApplication in 49.58 seconds (JVM running for 53.159)
2022-08-18 19:47:13.824  INFO [,,] 21192 --- [http-nio-9093-exec-1] o.a.c.c.C.[.[localhost].[/management]    : Initializing Spring DispatcherServlet 'dispatcherServlet'
2022-08-18 19:47:13.825  INFO [,,] 21192 --- [http-nio-9093-exec-1] o.s.web.servlet.DispatcherServlet        : Initializing Servlet 'dispatcherServlet'
2022-08-18 19:47:13.829  INFO [,,] 21192 --- [http-nio-9093-exec-1] o.s.web.servlet.DispatcherServlet        : Completed initialization in 4 ms
2022-08-18 19:47:15.395  INFO [,8342eae4a1a8b49d,8342eae4a1a8b49d] 21192 --- [http-nio-9093-exec-2] c.c.controller.PensionController         : STARTED - allDetail
2022-08-18 19:47:23.845  INFO [,8342eae4a1a8b49d,8342eae4a1a8b49d] 21192 --- [http-nio-9093-exec-2] c.c.controller.PensionController         : END - allDetail
2022-08-18 19:47:55.030  INFO [,4b93d41ff3f24e92,4b93d41ff3f24e92] 21192 --- [http-nio-9093-exec-9] c.c.controller.PensionController         : STARTED - getPensionDetail
2022-08-18 19:47:56.966  INFO [,4b93d41ff3f24e92,4b93d41ff3f24e92] 21192 --- [http-nio-9093-exec-9] c.c.controller.PensionController         : END - getPensionDetail
